<?xml version="1.0" encoding="utf-8"?><testsuites name="pytest tests"><testsuite name="pytest" errors="0" failures="1" skipped="0" tests="16" time="5.334" timestamp="2026-01-14T06:57:16.221411+00:00" hostname="agent-env-6d381fa0-89c5-48f6-9a16-07a72f5c4ee4"><testcase classname="tests.test_cover_projects.TestCoverProjectsAPI" name="test_get_projects_list" time="0.344" /><testcase classname="tests.test_cover_projects.TestCoverProjectsAPI" name="test_get_projects_unauthenticated" time="0.346" /><testcase classname="tests.test_cover_projects.TestCoverProjectsAPI" name="test_create_new_project" time="0.341" /><testcase classname="tests.test_cover_projects.TestCoverProjectsAPI" name="test_create_project_with_preview_image" time="0.335" /><testcase classname="tests.test_cover_projects.TestCoverProjectsAPI" name="test_create_project_empty_name" time="0.274"><failure message="AssertionError: Expected 400/422, got 200&#10;assert 200 in [400, 422]&#10; +  where 200 = &lt;Response [200]&gt;.status_code">tests/test_cover_projects.py:154: in test_create_project_empty_name
    assert response.status_code in [400, 422], f"Expected 400/422, got {response.status_code}"
E   AssertionError: Expected 400/422, got 200
E   assert 200 in [400, 422]
E    +  where 200 = &lt;Response [200]&gt;.status_code</failure></testcase><testcase classname="tests.test_cover_projects.TestCoverProjectsAPI" name="test_update_existing_project" time="0.350" /><testcase classname="tests.test_cover_projects.TestCoverProjectsAPI" name="test_update_nonexistent_project" time="0.330" /><testcase classname="tests.test_cover_projects.TestCoverProjectsAPI" name="test_get_project_by_id" time="0.297" /><testcase classname="tests.test_cover_projects.TestCoverProjectsAPI" name="test_get_project_not_found" time="0.282" /><testcase classname="tests.test_cover_projects.TestCoverProjectsAPI" name="test_get_project_unauthenticated" time="0.299" /><testcase classname="tests.test_cover_projects.TestCoverProjectsAPI" name="test_delete_project" time="0.330" /><testcase classname="tests.test_cover_projects.TestCoverProjectsAPI" name="test_delete_project_not_found" time="0.360" /><testcase classname="tests.test_cover_projects.TestCoverProjectsAPI" name="test_delete_project_unauthenticated" time="0.300" /><testcase classname="tests.test_cover_projects.TestCoverProjectsAPI" name="test_full_crud_flow" time="0.391" /><testcase classname="tests.test_cover_projects.TestCoverProjectsAPI" name="test_projects_list_after_create" time="0.343" /><testcase classname="tests.test_cover_projects.TestExistingProject" name="test_existing_project_exists" time="0.304" /></testsuite></testsuites>